Build started 5/23/2012 10:05:38 AM.
Project "C:\tmp\test\htoinc\htoinc.vcxproj" on node 2 (rebuild target(s)).
_PrepareForClean:
  Deleting file "Release\htoinc.lastbuildstate".
PrepareForBuild:
  Creating directory "C:\tmp\test\Release\".
InitializeBuildStatus:
  Creating "Release\htoinc.unsuccessfulbuild" because "AlwaysCreate" was specified.
PreBuildEvent:
  Description: Building cgrammer.y and cgrammer.l
  "C:/Program Files/Mortice Kern Systems/Lex and Yacc\mksnt\yacc.exe" -o "C:\tmp\test\htoinc\ytab.cpp" -LC -D "C:\tmp\test\htoinc\ytab.hpp" "cgrammer.y"
  "C:/Program Files/Mortice Kern Systems/Lex and Yacc\mksnt\lex.exe" -o "C:\tmp\test\htoinc\lex_yy.cpp" -LC -D "C:\tmp\test\htoinc\lex_yy.hpp" "cgrammer.l"  
  :VCEnd
  Conflicts:
  State 397 token "ELSE"
   shift  selection_statement:         IF '(' expression ')' statement.ELSE statement
   reduce selection_statement:         IF '(' expression ')' statement.
  1 shift/reduce conflicts
ClCompile:
  c:\Program Files\Microsoft Visual Studio 10.0\VC\bin\CL.exe /c /Zi /nologo /W3 /WX- /O2 /Oi /Oy- /GL /D WIN32 /D NDEBUG /D _CONSOLE /D _UNICODE /D UNICODE /Gm- /EHsc /MT /GS /Gy /fp:precise /Zc:wchar_t /Zc:forScope /Fo"Release\\" /Fd"Release\vc100.pdb" /Gd /TP /analyze- /errorReport:prompt errorhandler.cpp htoinc.cpp myParser.cpp myScanner.cpp symboltable.cpp /wd4430  /wd4996 
  errorhandler.cpp
  htoinc.cpp
  myParser.cpp
  myScanner.cpp
  symboltable.cpp
Link:
  c:\Program Files\Microsoft Visual Studio 10.0\VC\bin\link.exe /ERRORREPORT:PROMPT /OUT:"C:\tmp\test\Release\htoinc.exe" /INCREMENTAL:NO /NOLOGO kernel32.lib user32.lib gdi32.lib winspool.lib comdlg32.lib advapi32.lib shell32.lib ole32.lib oleaut32.lib uuid.lib odbc32.lib odbccp32.lib /MANIFEST /ManifestFile:"Release\htoinc.exe.intermediate.manifest" /MANIFESTUAC:"level='asInvoker' uiAccess='false'" /DEBUG /PDB:"C:\tmp\test\Release\htoinc.pdb" /SUBSYSTEM:CONSOLE /OPT:REF /OPT:ICF /LTCG /TLBID:1 /DYNAMICBASE /NXCOMPAT /IMPLIB:"C:\tmp\test\Release\htoinc.lib" /MACHINE:X86 Release\errorhandler.obj
  Release\htoinc.obj
  Release\myParser.obj
  Release\myScanner.obj
  Release\symboltable.obj
  Generating code
  Finished generating code
  htoinc.vcxproj -> C:\tmp\test\Release\htoinc.exe
Manifest:
  C:\Program Files\Microsoft SDKs\Windows\v7.0A\bin\mt.exe /nologo /verbose /outputresource:"C:\tmp\test\Release\htoinc.exe;#1" /manifest Release\htoinc.exe.intermediate.manifest
FinalizeBuildStatus:
  Deleting file "Release\htoinc.unsuccessfulbuild".
  Touching "Release\htoinc.lastbuildstate".
Done Building Project "C:\tmp\test\htoinc\htoinc.vcxproj" (rebuild target(s)).

Build succeeded.

Time Elapsed 00:00:06.88
