C:\MYCPPPROJECTS\HTOINC\DEBUG\HTOINC.EXE
C:\MYCPPPROJECTS\HTOINC\DEBUG\HTOINC.ILK
C:\MYCPPPROJECTS\HTOINC\DEBUG\HTOINC.PDB
C:\MYCPPPROJECTS\HTOINC\HTOINC\DEBUG\ERRORHANDLER.OBJ
C:\MYCPPPROJECTS\HTOINC\HTOINC\DEBUG\HTOINC.EXE.EMBED.MANIFEST
C:\MYCPPPROJECTS\HTOINC\HTOINC\DEBUG\HTOINC.EXE.EMBED.MANIFEST.RES
C:\MYCPPPROJECTS\HTOINC\HTOINC\DEBUG\HTOINC.EXE.INTERMEDIATE.MANIFEST
C:\MYCPPPROJECTS\HTOINC\HTOINC\DEBUG\HTOINC.OBJ
C:\MYCPPPROJECTS\HTOINC\HTOINC\DEBUG\MYPARSER.OBJ
C:\MYCPPPROJECTS\HTOINC\HTOINC\DEBUG\MYSCANNER.OBJ
C:\MYCPPPROJECTS\HTOINC\HTOINC\DEBUG\SYMBOLTABLE.OBJ
C:\MYCPPPROJECTS\HTOINC\HTOINC\DEBUG\VC100.PDB
C:\tmp\test\Debug\htoinc.exe
C:\tmp\test\Debug\htoinc.ilk
C:\tmp\test\Debug\htoinc.pdb
C:\tmp\test\htoinc\Debug\cl.command.1.tlog
C:\tmp\test\htoinc\Debug\CL.read.1.tlog
C:\tmp\test\htoinc\Debug\CL.write.1.tlog
C:\tmp\test\htoinc\Debug\errorhandler.obj
C:\tmp\test\htoinc\Debug\htoinc.exe.embed.manifest
C:\tmp\test\htoinc\Debug\htoinc.exe.embed.manifest.res
C:\tmp\test\htoinc\Debug\htoinc.exe.intermediate.manifest
C:\tmp\test\htoinc\Debug\htoinc.obj
C:\tmp\test\htoinc\Debug\htoinc_manifest.rc
C:\tmp\test\htoinc\Debug\link.3640.read.1.tlog
C:\tmp\test\htoinc\Debug\link.3640.write.1.tlog
C:\tmp\test\htoinc\Debug\link.3640-cvtres.read.1.tlog
C:\tmp\test\htoinc\Debug\link.3640-cvtres.write.1.tlog
C:\tmp\test\htoinc\Debug\link.command.1.tlog
C:\tmp\test\htoinc\Debug\link.read.1.tlog
C:\tmp\test\htoinc\Debug\link.write.1.tlog
C:\tmp\test\htoinc\Debug\link-cvtres.read.1.tlog
C:\tmp\test\htoinc\Debug\link-cvtres.write.1.tlog
C:\tmp\test\htoinc\Debug\mt.command.1.tlog
C:\tmp\test\htoinc\Debug\mt.read.1.tlog
C:\tmp\test\htoinc\Debug\mt.write.1.tlog
C:\tmp\test\htoinc\Debug\myParser.obj
C:\tmp\test\htoinc\Debug\myScanner.obj
C:\tmp\test\htoinc\Debug\rc.command.1.tlog
C:\tmp\test\htoinc\Debug\rc.read.1.tlog
C:\tmp\test\htoinc\Debug\rc.write.1.tlog
C:\tmp\test\htoinc\Debug\symboltable.obj
C:\tmp\test\htoinc\Debug\vc100.idb
C:\tmp\test\htoinc\Debug\vc100.pdb
